p/S022_006_00000013.png 1 0 0 640 490
p/S022_006_00000014.png 1 0 0 640 490
p/S022_006_00000015.png 1 0 0 640 490
p/S022_006_00000016.png 1 0 0 640 490
p/S022_006_00000017.png 1 0 0 640 490
p/S022_005_00000024.png 1 0 0 640 490
p/S022_005_00000025.png 1 0 0 640 490
p/S022_005_00000026.png 1 0 0 640 490
p/S022_005_00000027.png 1 0 0 640 490
p/S022_005_00000028.png 1 0 0 640 490
p/S022_005_00000029.png 1 0 0 640 490
p/S022_005_00000030.png 1 0 0 640 490
p/S022_005_00000031.png 1 0 0 640 490
p/S022_005_00000032.png 1 0 0 640 490
p/S022_006_00000001.png 1 0 0 640 490
p/S022_006_00000002.png 1 0 0 640 490
p/S022_006_00000003.png 1 0 0 640 490
p/S022_006_00000004.png 1 0 0 640 490
p/S022_006_00000005.png 1 0 0 640 490
p/S022_006_00000006.png 1 0 0 640 490
p/S022_006_00000007.png 1 0 0 640 490
p/S022_006_00000008.png 1 0 0 640 490
p/S022_006_00000009.png 1 0 0 640 490
p/S022_006_00000010.png 1 0 0 640 490
p/S022_006_00000011.png 1 0 0 640 490
p/S022_006_00000012.png 1 0 0 640 490
p/S022_005_00000002.png 1 0 0 640 490
p/S022_005_00000003.png 1 0 0 640 490
p/S022_005_00000004.png 1 0 0 640 490
p/S022_005_00000005.png 1 0 0 640 490
p/S022_005_00000006.png 1 0 0 640 490
p/S022_005_00000007.png 1 0 0 640 490
p/S022_005_00000008.png 1 0 0 640 490
p/S022_005_00000009.png 1 0 0 640 490
p/S022_005_00000010.png 1 0 0 640 490
p/S022_005_00000011.png 1 0 0 640 490
p/S022_005_00000012.png 1 0 0 640 490
p/S022_005_00000013.png 1 0 0 640 490
p/S022_005_00000014.png 1 0 0 640 490
p/S022_005_00000015.png 1 0 0 640 490
p/S022_005_00000016.png 1 0 0 640 490
p/S022_005_00000017.png 1 0 0 640 490
p/S022_005_00000018.png 1 0 0 640 490
p/S022_005_00000019.png 1 0 0 640 490
p/S022_005_00000020.png 1 0 0 640 490
p/S022_005_00000021.png 1 0 0 640 490
p/S022_005_00000022.png 1 0 0 640 490
p/S022_005_00000023.png 1 0 0 640 490
p/S022_004_00000004.png 1 0 0 640 490
p/S022_004_00000005.png 1 0 0 640 490
p/S022_004_00000006.png 1 0 0 640 490
p/S022_004_00000007.png 1 0 0 640 490
p/S022_004_00000008.png 1 0 0 640 490
p/S022_004_00000009.png 1 0 0 640 490
p/S022_004_00000010.png 1 0 0 640 490
p/S022_004_00000011.png 1 0 0 640 490
p/S022_004_00000012.png 1 0 0 640 490
p/S022_004_00000013.png 1 0 0 640 490
p/S022_004_00000014.png 1 0 0 640 490
p/S022_004_00000015.png 1 0 0 640 490
p/S022_004_00000016.png 1 0 0 640 490
p/S022_004_00000017.png 1 0 0 640 490
p/S022_004_00000018.png 1 0 0 640 490
p/S022_004_00000019.png 1 0 0 640 490
p/S022_004_00000020.png 1 0 0 640 490
p/S022_004_00000021.png 1 0 0 640 490
p/S022_004_00000022.png 1 0 0 640 490
p/S022_004_00000023.png 1 0 0 640 490
p/S022_005_00000001.png 1 0 0 640 490
p/S022_003_00000016.png 1 0 0 640 490
p/S022_003_00000017.png 1 0 0 640 490
p/S022_003_00000018.png 1 0 0 640 490
p/S022_003_00000019.png 1 0 0 640 490
p/S022_003_00000020.png 1 0 0 640 490
p/S022_003_00000021.png 1 0 0 640 490
p/S022_003_00000022.png 1 0 0 640 490
p/S022_003_00000023.png 1 0 0 640 490
p/S022_003_00000024.png 1 0 0 640 490
p/S022_003_00000025.png 1 0 0 640 490
p/S022_003_00000026.png 1 0 0 640 490
p/S022_003_00000027.png 1 0 0 640 490
p/S022_003_00000028.png 1 0 0 640 490
p/S022_003_00000029.png 1 0 0 640 490
p/S022_003_00000030.png 1 0 0 640 490
p/S022_003_00000031.png 1 0 0 640 490
p/S022_003_00000032.png 1 0 0 640 490
p/S022_003_00000033.png 1 0 0 640 490
p/S022_004_00000001.png 1 0 0 640 490
p/S022_004_00000002.png 1 0 0 640 490
p/S022_004_00000003.png 1 0 0 640 490
p/S022_002_00000012.png 1 0 0 640 490
p/S022_002_00000013.png 1 0 0 640 490
p/S022_002_00000014.png 1 0 0 640 490
p/S022_002_00000015.png 1 0 0 640 490
p/S022_002_00000016.png 1 0 0 640 490
p/S022_002_00000017.png 1 0 0 640 490
p/S022_003_00000001.png 1 0 0 640 490
p/S022_003_00000002.png 1 0 0 640 490
p/S022_003_00000003.png 1 0 0 640 490
p/S022_003_00000004.png 1 0 0 640 490
p/S022_003_00000005.png 1 0 0 640 490
p/S022_003_00000006.png 1 0 0 640 490
p/S022_003_00000007.png 1 0 0 640 490
p/S022_003_00000008.png 1 0 0 640 490
p/S022_003_00000009.png 1 0 0 640 490
p/S022_003_00000010.png 1 0 0 640 490
p/S022_003_00000011.png 1 0 0 640 490
p/S022_003_00000012.png 1 0 0 640 490
p/S022_003_00000013.png 1 0 0 640 490
p/S022_003_00000014.png 1 0 0 640 490
p/S022_003_00000015.png 1 0 0 640 490
p/S022_001_00000021.png 1 0 0 640 490
p/S022_001_00000022.png 1 0 0 640 490
p/S022_001_00000023.png 1 0 0 640 490
p/S022_001_00000024.png 1 0 0 640 490
p/S022_001_00000025.png 1 0 0 640 490
p/S022_001_00000026.png 1 0 0 640 490
p/S022_001_00000027.png 1 0 0 640 490
p/S022_001_00000028.png 1 0 0 640 490
p/S022_001_00000029.png 1 0 0 640 490
p/S022_001_00000030.png 1 0 0 640 490
p/S022_002_00000001.png 1 0 0 640 490
p/S022_002_00000002.png 1 0 0 640 490
p/S022_002_00000003.png 1 0 0 640 490
p/S022_002_00000004.png 1 0 0 640 490
p/S022_002_00000005.png 1 0 0 640 490
p/S022_002_00000006.png 1 0 0 640 490
p/S022_002_00000007.png 1 0 0 640 490
p/S022_002_00000008.png 1 0 0 640 490
p/S022_002_00000009.png 1 0 0 640 490
p/S022_002_00000010.png 1 0 0 640 490
p/S022_002_00000011.png 1 0 0 640 490
p/S022_001_00000001.png 1 0 0 640 490
p/S022_001_00000002.png 1 0 0 640 490
p/S022_001_00000003.png 1 0 0 640 490
p/S022_001_00000004.png 1 0 0 640 490
p/S022_001_00000005.png 1 0 0 640 490
p/S022_001_00000006.png 1 0 0 640 490
p/S022_001_00000007.png 1 0 0 640 490
p/S022_001_00000008.png 1 0 0 640 490
p/S022_001_00000009.png 1 0 0 640 490
p/S022_001_00000010.png 1 0 0 640 490
p/S022_001_00000011.png 1 0 0 640 490
p/S022_001_00000012.png 1 0 0 640 490
p/S022_001_00000013.png 1 0 0 640 490
p/S022_001_00000014.png 1 0 0 640 490
p/S022_001_00000015.png 1 0 0 640 490
p/S022_001_00000016.png 1 0 0 640 490
p/S022_001_00000017.png 1 0 0 640 490
p/S022_001_00000018.png 1 0 0 640 490
p/S022_001_00000019.png 1 0 0 640 490
p/S022_001_00000020.png 1 0 0 640 490
p/S014_004_00000010.png 1 0 0 640 490
p/S014_004_00000011.png 1 0 0 640 490
p/S014_004_00000012.png 1 0 0 640 490
p/S014_004_00000013.png 1 0 0 640 490
p/S014_004_00000014.png 1 0 0 640 490
p/S014_004_00000015.png 1 0 0 640 490
p/S014_004_00000016.png 1 0 0 640 490
p/S014_004_00000017.png 1 0 0 640 490
p/S014_004_00000018.png 1 0 0 640 490
p/S014_004_00000019.png 1 0 0 640 490
p/S014_005_00000001.png 1 0 0 640 490
p/S014_005_00000002.png 1 0 0 640 490
p/S014_005_00000003.png 1 0 0 640 490
p/S014_005_00000004.png 1 0 0 640 490
p/S014_005_00000005.png 1 0 0 640 490
p/S014_005_00000006.png 1 0 0 640 490
p/S014_005_00000007.png 1 0 0 640 490
p/S014_005_00000008.png 1 0 0 640 490
p/S014_005_00000009.png 1 0 0 640 490
p/S014_005_00000010.png 1 0 0 640 490
p/S014_005_00000011.png 1 0 0 640 490
p/S014_005_00000012.png 1 0 0 640 490
p/S014_005_00000013.png 1 0 0 640 490
p/S014_005_00000014.png 1 0 0 640 490
p/S014_005_00000015.png 1 0 0 640 490
p/S014_005_00000016.png 1 0 0 640 490
p/S014_005_00000017.png 1 0 0 640 490
p/S014_003_00000013.png 1 0 0 640 490
p/S014_003_00000014.png 1 0 0 640 490
p/S014_003_00000015.png 1 0 0 640 490
p/S014_003_00000016.png 1 0 0 640 490
p/S014_003_00000017.png 1 0 0 640 490
p/S014_003_00000018.png 1 0 0 640 490
p/S014_003_00000019.png 1 0 0 640 490
p/S014_003_00000020.png 1 0 0 640 490
p/S014_003_00000021.png 1 0 0 640 490
p/S014_003_00000022.png 1 0 0 640 490
p/S014_003_00000023.png 1 0 0 640 490
p/S014_003_00000024.png 1 0 0 640 490
p/S014_003_00000025.png 1 0 0 640 490
p/S014_003_00000026.png 1 0 0 640 490
p/S014_003_00000027.png 1 0 0 640 490
p/S014_003_00000028.png 1 0 0 640 490
p/S014_003_00000029.png 1 0 0 640 490
p/S014_003_00000030.png 1 0 0 640 490
p/S014_004_00000001.png 1 0 0 640 490
p/S014_004_00000002.png 1 0 0 640 490
p/S014_004_00000003.png 1 0 0 640 490
p/S014_004_00000004.png 1 0 0 640 490
p/S014_004_00000005.png 1 0 0 640 490
p/S014_004_00000006.png 1 0 0 640 490
p/S014_004_00000007.png 1 0 0 640 490
p/S014_004_00000008.png 1 0 0 640 490
p/S014_004_00000009.png 1 0 0 640 490
p/S014_002_00000003.png 1 0 0 640 490
p/S014_002_00000004.png 1 0 0 640 490
p/S014_002_00000005.png 1 0 0 640 490
p/S014_002_00000006.png 1 0 0 640 490
p/S014_002_00000007.png 1 0 0 640 490
p/S014_002_00000008.png 1 0 0 640 490
p/S014_002_00000009.png 1 0 0 640 490
p/S014_002_00000010.png 1 0 0 640 490
p/S014_002_00000011.png 1 0 0 640 490
p/S014_002_00000012.png 1 0 0 640 490
p/S014_002_00000013.png 1 0 0 640 490
p/S014_002_00000014.png 1 0 0 640 490
p/S014_002_00000015.png 1 0 0 640 490
p/S014_002_00000016.png 1 0 0 640 490
p/S014_003_00000001.png 1 0 0 640 490
p/S014_003_00000002.png 1 0 0 640 490
p/S014_003_00000003.png 1 0 0 640 490
p/S014_003_00000004.png 1 0 0 640 490
p/S014_003_00000005.png 1 0 0 640 490
p/S014_003_00000006.png 1 0 0 640 490
p/S014_003_00000007.png 1 0 0 640 490
p/S014_003_00000008.png 1 0 0 640 490
p/S014_003_00000009.png 1 0 0 640 490
p/S014_003_00000010.png 1 0 0 640 490
p/S014_003_00000011.png 1 0 0 640 490
p/S014_003_00000012.png 1 0 0 640 490
p/S014_001_00000004.png 1 0 0 640 490
p/S014_001_00000005.png 1 0 0 640 490
p/S014_001_00000006.png 1 0 0 640 490
p/S014_001_00000007.png 1 0 0 640 490
p/S014_001_00000008.png 1 0 0 640 490
p/S014_001_00000009.png 1 0 0 640 490
p/S014_001_00000010.png 1 0 0 640 490
p/S014_001_00000011.png 1 0 0 640 490
p/S014_001_00000012.png 1 0 0 640 490
p/S014_001_00000013.png 1 0 0 640 490
p/S014_001_00000014.png 1 0 0 640 490
p/S014_001_00000015.png 1 0 0 640 490
p/S014_001_00000016.png 1 0 0 640 490
p/S014_001_00000017.png 1 0 0 640 490
p/S014_001_00000018.png 1 0 0 640 490
p/S014_001_00000019.png 1 0 0 640 490
p/S014_001_00000020.png 1 0 0 640 490
p/S014_001_00000021.png 1 0 0 640 490
p/S014_001_00000022.png 1 0 0 640 490
p/S014_001_00000023.png 1 0 0 640 490
p/S014_001_00000024.png 1 0 0 640 490
p/S014_001_00000025.png 1 0 0 640 490
p/S014_001_00000026.png 1 0 0 640 490
p/S014_001_00000027.png 1 0 0 640 490
p/S014_001_00000028.png 1 0 0 640 490
p/S014_001_00000029.png 1 0 0 640 490
p/S014_002_00000001.png 1 0 0 640 490
p/S014_002_00000002.png 1 0 0 640 490
p/S011_005_00000011.png 1 0 0 640 490
p/S011_005_00000012.png 1 0 0 640 490
p/S011_005_00000013.png 1 0 0 640 490
p/S011_005_00000014.png 1 0 0 640 490
p/S011_005_00000015.png 1 0 0 640 490
p/S011_005_00000016.png 1 0 0 640 490
p/S011_005_00000017.png 1 0 0 640 490
p/S011_005_00000018.png 1 0 0 640 490
p/S011_005_00000019.png 1 0 0 640 490
p/S011_005_00000020.png 1 0 0 640 490
p/S011_006_00000001.png 1 0 0 640 490
p/S011_006_00000002.png 1 0 0 640 490
p/S011_006_00000003.png 1 0 0 640 490
p/S011_006_00000004.png 1 0 0 640 490
p/S011_006_00000005.png 1 0 0 640 490
p/S011_006_00000006.png 1 0 0 640 490
p/S011_006_00000007.png 1 0 0 640 490
p/S011_006_00000008.png 1 0 0 640 490
p/S011_006_00000009.png 1 0 0 640 490
p/S011_006_00000010.png 1 0 0 640 490
p/S011_006_00000011.png 1 0 0 640 490
p/S011_006_00000012.png 1 0 0 640 490
p/S011_006_00000013.png 1 0 0 640 490
p/S014_001_00000001.png 1 0 0 640 490
p/S014_001_00000002.png 1 0 0 640 490
p/S014_001_00000003.png 1 0 0 640 490
p/S011_004_00000007.png 1 0 0 640 490
p/S011_004_00000008.png 1 0 0 640 490
p/S011_004_00000009.png 1 0 0 640 490
p/S011_004_00000010.png 1 0 0 640 490
p/S011_004_00000011.png 1 0 0 640 490
p/S011_004_00000012.png 1 0 0 640 490
p/S011_004_00000013.png 1 0 0 640 490
p/S011_004_00000014.png 1 0 0 640 490
p/S011_004_00000015.png 1 0 0 640 490
p/S011_004_00000016.png 1 0 0 640 490
p/S011_004_00000017.png 1 0 0 640 490
p/S011_004_00000018.png 1 0 0 640 490
p/S011_004_00000019.png 1 0 0 640 490
p/S011_004_00000020.png 1 0 0 640 490
p/S011_004_00000021.png 1 0 0 640 490
p/S011_005_00000001.png 1 0 0 640 490
p/S011_005_00000002.png 1 0 0 640 490
p/S011_005_00000003.png 1 0 0 640 490
p/S011_005_00000004.png 1 0 0 640 490
p/S011_005_00000005.png 1 0 0 640 490
p/S011_005_00000006.png 1 0 0 640 490
p/S011_005_00000007.png 1 0 0 640 490
p/S011_005_00000008.png 1 0 0 640 490
p/S011_005_00000009.png 1 0 0 640 490
p/S011_005_00000010.png 1 0 0 640 490
p/S011_002_00000019.png 1 0 0 640 490
p/S011_002_00000020.png 1 0 0 640 490
p/S011_002_00000021.png 1 0 0 640 490
p/S011_002_00000022.png 1 0 0 640 490
p/S011_003_00000001.png 1 0 0 640 490
p/S011_003_00000002.png 1 0 0 640 490
p/S011_003_00000003.png 1 0 0 640 490
p/S011_003_00000004.png 1 0 0 640 490
p/S011_003_00000005.png 1 0 0 640 490
p/S011_003_00000006.png 1 0 0 640 490
p/S011_003_00000007.png 1 0 0 640 490
p/S011_003_00000008.png 1 0 0 640 490
p/S011_003_00000009.png 1 0 0 640 490
p/S011_003_00000010.png 1 0 0 640 490
p/S011_003_00000011.png 1 0 0 640 490
p/S011_003_00000012.png 1 0 0 640 490
p/S011_003_00000013.png 1 0 0 640 490
p/S011_003_00000014.png 1 0 0 640 490
p/S011_004_00000001.png 1 0 0 640 490
p/S011_004_00000002.png 1 0 0 640 490
p/S011_004_00000003.png 1 0 0 640 490
p/S011_004_00000004.png 1 0 0 640 490
p/S011_004_00000005.png 1 0 0 640 490
p/S011_004_00000006.png 1 0 0 640 490
p/S011_001_00000011.png 1 0 0 640 490
p/S011_001_00000012.png 1 0 0 640 490
p/S011_001_00000013.png 1 0 0 640 490
p/S011_001_00000014.png 1 0 0 640 490
p/S011_001_00000015.png 1 0 0 640 490
p/S011_001_00000016.png 1 0 0 640 490
p/S011_002_00000001.png 1 0 0 640 490
p/S011_002_00000002.png 1 0 0 640 490
p/S011_002_00000003.png 1 0 0 640 490
p/S011_002_00000004.png 1 0 0 640 490
p/S011_002_00000005.png 1 0 0 640 490
p/S011_002_00000006.png 1 0 0 640 490
p/S011_002_00000007.png 1 0 0 640 490
p/S011_002_00000008.png 1 0 0 640 490
p/S011_002_00000009.png 1 0 0 640 490
p/S011_002_00000010.png 1 0 0 640 490
p/S011_002_00000011.png 1 0 0 640 490
p/S011_002_00000012.png 1 0 0 640 490
p/S011_002_00000013.png 1 0 0 640 490
p/S011_002_00000014.png 1 0 0 640 490
p/S011_002_00000015.png 1 0 0 640 490
p/S011_002_00000016.png 1 0 0 640 490
p/S011_002_00000017.png 1 0 0 640 490
p/S011_002_00000018.png 1 0 0 640 490
p/S010_006_00000001.png 1 0 0 640 490
p/S010_006_00000002.png 1 0 0 640 490
p/S010_006_00000003.png 1 0 0 640 490
p/S010_006_00000004.png 1 0 0 640 490
p/S010_006_00000005.png 1 0 0 640 490
p/S010_006_00000006.png 1 0 0 640 490
p/S010_006_00000007.png 1 0 0 640 490
p/S010_006_00000008.png 1 0 0 640 490
p/S010_006_00000009.png 1 0 0 640 490
p/S010_006_00000010.png 1 0 0 640 490
p/S010_006_00000011.png 1 0 0 640 490
p/S010_006_00000012.png 1 0 0 640 490
p/S010_006_00000013.png 1 0 0 640 490
p/S010_006_00000014.png 1 0 0 640 490
p/S010_006_00000015.png 1 0 0 640 490
p/S011_001_00000001.png 1 0 0 640 490
p/S011_001_00000002.png 1 0 0 640 490
p/S011_001_00000003.png 1 0 0 640 490
p/S011_001_00000004.png 1 0 0 640 490
p/S011_001_00000005.png 1 0 0 640 490
p/S011_001_00000006.png 1 0 0 640 490
p/S011_001_00000007.png 1 0 0 640 490
p/S011_001_00000008.png 1 0 0 640 490
p/S011_001_00000009.png 1 0 0 640 490
p/S011_001_00000010.png 1 0 0 640 490
p/S010_004_00000012.png 1 0 0 640 490
p/S010_004_00000013.png 1 0 0 640 490
p/S010_004_00000014.png 1 0 0 640 490
p/S010_004_00000015.png 1 0 0 640 490
p/S010_004_00000016.png 1 0 0 640 490
p/S010_004_00000017.png 1 0 0 640 490
p/S010_004_00000018.png 1 0 0 640 490
p/S010_004_00000019.png 1 0 0 640 490
p/S010_005_00000001.png 1 0 0 640 490
p/S010_005_00000002.png 1 0 0 640 490
p/S010_005_00000003.png 1 0 0 640 490
p/S010_005_00000004.png 1 0 0 640 490
p/S010_005_00000005.png 1 0 0 640 490
p/S010_005_00000006.png 1 0 0 640 490
p/S010_005_00000007.png 1 0 0 640 490
p/S010_005_00000008.png 1 0 0 640 490
p/S010_005_00000009.png 1 0 0 640 490
p/S010_005_00000010.png 1 0 0 640 490
p/S010_005_00000011.png 1 0 0 640 490
p/S010_005_00000012.png 1 0 0 640 490
p/S010_005_00000013.png 1 0 0 640 490
p/S010_005_00000014.png 1 0 0 640 490
p/S010_005_00000015.png 1 0 0 640 490
p/S010_005_00000016.png 1 0 0 640 490
p/S010_003_00000006.png 1 0 0 640 490
p/S010_003_00000007.png 1 0 0 640 490
p/S010_003_00000008.png 1 0 0 640 490
p/S010_003_00000009.png 1 0 0 640 490
p/S010_003_00000010.png 1 0 0 640 490
p/S010_003_00000011.png 1 0 0 640 490
p/S010_003_00000012.png 1 0 0 640 490
p/S010_003_00000013.png 1 0 0 640 490
p/S010_003_00000014.png 1 0 0 640 490
p/S010_003_00000015.png 1 0 0 640 490
p/S010_003_00000016.png 1 0 0 640 490
p/S010_003_00000017.png 1 0 0 640 490
p/S010_003_00000018.png 1 0 0 640 490
p/S010_004_00000001.png 1 0 0 640 490
p/S010_004_00000002.png 1 0 0 640 490
p/S010_004_00000003.png 1 0 0 640 490
p/S010_004_00000004.png 1 0 0 640 490
p/S010_004_00000005.png 1 0 0 640 490
p/S010_004_00000006.png 1 0 0 640 490
p/S010_004_00000007.png 1 0 0 640 490
p/S010_004_00000008.png 1 0 0 640 490
p/S010_004_00000009.png 1 0 0 640 490
p/S010_004_00000010.png 1 0 0 640 490
p/S010_004_00000011.png 1 0 0 640 490
p/S010_001_00000008.png 1 0 0 640 490
p/S010_001_00000009.png 1 0 0 640 490
p/S010_001_00000010.png 1 0 0 640 490
p/S010_001_00000011.png 1 0 0 640 490
p/S010_001_00000012.png 1 0 0 640 490
p/S010_001_00000013.png 1 0 0 640 490
p/S010_001_00000014.png 1 0 0 640 490
p/S010_002_00000001.png 1 0 0 640 490
p/S010_002_00000002.png 1 0 0 640 490
p/S010_002_00000003.png 1 0 0 640 490
p/S010_002_00000004.png 1 0 0 640 490
p/S010_002_00000005.png 1 0 0 640 490
p/S010_002_00000006.png 1 0 0 640 490
p/S010_002_00000007.png 1 0 0 640 490
p/S010_002_00000008.png 1 0 0 640 490
p/S010_002_00000009.png 1 0 0 640 490
p/S010_002_00000010.png 1 0 0 640 490
p/S010_002_00000011.png 1 0 0 640 490
p/S010_002_00000012.png 1 0 0 640 490
p/S010_002_00000013.png 1 0 0 640 490
p/S010_002_00000014.png 1 0 0 640 490
p/S010_003_00000001.png 1 0 0 640 490
p/S010_003_00000002.png 1 0 0 640 490
p/S010_003_00000003.png 1 0 0 640 490
p/S010_003_00000004.png 1 0 0 640 490
p/S010_003_00000005.png 1 0 0 640 490
p/S010_001_00000001.png 1 0 0 640 490
p/S010_001_00000002.png 1 0 0 640 490
p/S010_001_00000003.png 1 0 0 640 490
p/S010_001_00000004.png 1 0 0 640 490
p/S010_001_00000005.png 1 0 0 640 490
p/S010_001_00000006.png 1 0 0 640 490
p/S010_001_00000007.png 1 0 0 640 490
p/S005_001_00000001.png 1 0 0 640 490
p/S005_001_00000002.png 1 0 0 640 490
p/S005_001_00000003.png 1 0 0 640 490
p/S005_001_00000004.png 1 0 0 640 490
p/S005_001_00000005.png 1 0 0 640 490
p/S005_001_00000006.png 1 0 0 640 490
p/S005_001_00000007.png 1 0 0 640 490
p/S005_001_00000008.png 1 0 0 640 490
p/S005_001_00000009.png 1 0 0 640 490
p/S005_001_00000010.png 1 0 0 640 490
p/S005_001_00000011.png 1 0 0 640 490